Compilación iniciada a las 26/05/2015 21:19:45.
     1>Proyecto "C:\Users\marc.moreno\Desktop\Risk-Programaci-\ConsoleApplication1\ConsoleApplication1\ConsoleApplication1.vcxproj" en el nodo 2 (Build destinos).
     1>ClCompile:
         C:\Program Files (x86)\Microsoft Visual Studio 12.0\VC\bin\CL.exe /c /ZI /nologo /W3 /WX- /sdl /Od /Oy- /D WIN32 /D _DEBUG /D _CONSOLE /D _LIB /D _UNICODE /D UNICODE /Gm /EHsc /RTC1 /MDd /GS /fp:precise /Zc:wchar_t /Zc:forScope /Yu"stdafx.h" /Fp"Debug\ConsoleApplication1.pch" /Fo"Debug\\" /Fd"Debug\vc120.pdb" /Gd /TP /analyze- /errorReport:prompt ConsoleApplication1.cpp Excercit.cpp Faction.cpp
         Faction.cpp
     1>c:\users\marc.moreno\desktop\risk-programaci-\consoleapplication1\consoleapplication1\unitats.h(120): warning C4244: '+=' : conversión de 'double' a 'float'; posible pérdida de datos
     1>c:\users\marc.moreno\desktop\risk-programaci-\consoleapplication1\consoleapplication1\unitats.h(121): warning C4244: '+=' : conversión de 'double' a 'float'; posible pérdida de datos
     1>c:\users\marc.moreno\desktop\risk-programaci-\consoleapplication1\consoleapplication1\unitats.h(166): warning C4244: '+=' : conversión de 'double' a 'float'; posible pérdida de datos
     1>c:\users\marc.moreno\desktop\risk-programaci-\consoleapplication1\consoleapplication1\unitats.h(167): warning C4244: '+=' : conversión de 'double' a 'float'; posible pérdida de datos
     1>c:\users\marc.moreno\desktop\risk-programaci-\consoleapplication1\consoleapplication1\unitats.h(170): warning C4244: '+=' : conversión de 'double' a 'float'; posible pérdida de datos
     1>c:\users\marc.moreno\desktop\risk-programaci-\consoleapplication1\consoleapplication1\unitats.h(212): warning C4244: '+=' : conversión de 'double' a 'float'; posible pérdida de datos
     1>c:\users\marc.moreno\desktop\risk-programaci-\consoleapplication1\consoleapplication1\unitats.h(213): warning C4244: '+=' : conversión de 'double' a 'float'; posible pérdida de datos
     1>c:\users\marc.moreno\desktop\risk-programaci-\consoleapplication1\consoleapplication1\unitats.h(217): warning C4244: '+=' : conversión de 'double' a 'float'; posible pérdida de datos
     1>c:\users\marc.moreno\desktop\risk-programaci-\consoleapplication1\consoleapplication1\unitats.h(218): warning C4244: '+=' : conversión de 'double' a 'float'; posible pérdida de datos
     1>c:\users\marc.moreno\desktop\risk-programaci-\consoleapplication1\consoleapplication1\unitats.h(259): warning C4244: '+=' : conversión de 'double' a 'float'; posible pérdida de datos
     1>c:\users\marc.moreno\desktop\risk-programaci-\consoleapplication1\consoleapplication1\unitats.h(263): warning C4244: '+=' : conversión de 'double' a 'float'; posible pérdida de datos
     1>c:\users\marc.moreno\desktop\risk-programaci-\consoleapplication1\consoleapplication1\unitats.h(264): warning C4244: '+=' : conversión de 'double' a 'float'; posible pérdida de datos
     1>c:\users\marc.moreno\desktop\risk-programaci-\consoleapplication1\consoleapplication1\unitats.h(265): warning C4244: '+=' : conversión de 'double' a 'float'; posible pérdida de datos
     1>c:\users\marc.moreno\desktop\risk-programaci-\consoleapplication1\consoleapplication1\unitats.h(304): warning C4244: '+=' : conversión de 'double' a 'float'; posible pérdida de datos
     1>c:\users\marc.moreno\desktop\risk-programaci-\consoleapplication1\consoleapplication1\unitats.h(309): warning C4244: '+=' : conversión de 'double' a 'float'; posible pérdida de datos
     1>c:\users\marc.moreno\desktop\risk-programaci-\consoleapplication1\consoleapplication1\unitats.h(310): warning C4244: '+=' : conversión de 'double' a 'float'; posible pérdida de datos
     1>c:\users\marc.moreno\desktop\risk-programaci-\consoleapplication1\consoleapplication1\unitats.h(311): warning C4244: '+=' : conversión de 'double' a 'float'; posible pérdida de datos
     1>c:\users\marc.moreno\desktop\risk-programaci-\consoleapplication1\consoleapplication1\faction.cpp(91): warning C4018: '<=' : no coinciden signed/unsigned
         Excercit.cpp
     1>c:\users\marc.moreno\desktop\risk-programaci-\consoleapplication1\consoleapplication1\unitats.h(120): warning C4244: '+=' : conversión de 'double' a 'float'; posible pérdida de datos
     1>c:\users\marc.moreno\desktop\risk-programaci-\consoleapplication1\consoleapplication1\unitats.h(121): warning C4244: '+=' : conversión de 'double' a 'float'; posible pérdida de datos
     1>c:\users\marc.moreno\desktop\risk-programaci-\consoleapplication1\consoleapplication1\unitats.h(166): warning C4244: '+=' : conversión de 'double' a 'float'; posible pérdida de datos
     1>c:\users\marc.moreno\desktop\risk-programaci-\consoleapplication1\consoleapplication1\unitats.h(167): warning C4244: '+=' : conversión de 'double' a 'float'; posible pérdida de datos
     1>c:\users\marc.moreno\desktop\risk-programaci-\consoleapplication1\consoleapplication1\unitats.h(170): warning C4244: '+=' : conversión de 'double' a 'float'; posible pérdida de datos
     1>c:\users\marc.moreno\desktop\risk-programaci-\consoleapplication1\consoleapplication1\unitats.h(212): warning C4244: '+=' : conversión de 'double' a 'float'; posible pérdida de datos
     1>c:\users\marc.moreno\desktop\risk-programaci-\consoleapplication1\consoleapplication1\unitats.h(213): warning C4244: '+=' : conversión de 'double' a 'float'; posible pérdida de datos
     1>c:\users\marc.moreno\desktop\risk-programaci-\consoleapplication1\consoleapplication1\unitats.h(217): warning C4244: '+=' : conversión de 'double' a 'float'; posible pérdida de datos
     1>c:\users\marc.moreno\desktop\risk-programaci-\consoleapplication1\consoleapplication1\unitats.h(218): warning C4244: '+=' : conversión de 'double' a 'float'; posible pérdida de datos
     1>c:\users\marc.moreno\desktop\risk-programaci-\consoleapplication1\consoleapplication1\unitats.h(259): warning C4244: '+=' : conversión de 'double' a 'float'; posible pérdida de datos
     1>c:\users\marc.moreno\desktop\risk-programaci-\consoleapplication1\consoleapplication1\unitats.h(263): warning C4244: '+=' : conversión de 'double' a 'float'; posible pérdida de datos
     1>c:\users\marc.moreno\desktop\risk-programaci-\consoleapplication1\consoleapplication1\unitats.h(264): warning C4244: '+=' : conversión de 'double' a 'float'; posible pérdida de datos
     1>c:\users\marc.moreno\desktop\risk-programaci-\consoleapplication1\consoleapplication1\unitats.h(265): warning C4244: '+=' : conversión de 'double' a 'float'; posible pérdida de datos
     1>c:\users\marc.moreno\desktop\risk-programaci-\consoleapplication1\consoleapplication1\unitats.h(304): warning C4244: '+=' : conversión de 'double' a 'float'; posible pérdida de datos
     1>c:\users\marc.moreno\desktop\risk-programaci-\consoleapplication1\consoleapplication1\unitats.h(309): warning C4244: '+=' : conversión de 'double' a 'float'; posible pérdida de datos
     1>c:\users\marc.moreno\desktop\risk-programaci-\consoleapplication1\consoleapplication1\unitats.h(310): warning C4244: '+=' : conversión de 'double' a 'float'; posible pérdida de datos
     1>c:\users\marc.moreno\desktop\risk-programaci-\consoleapplication1\consoleapplication1\unitats.h(311): warning C4244: '+=' : conversión de 'double' a 'float'; posible pérdida de datos
     1>c:\users\marc.moreno\desktop\risk-programaci-\consoleapplication1\consoleapplication1\excercit.cpp(142): error C3861: 'otherExPresent': no se encontró el identificador
         Generando código...
         Compilando...
         ConsoleApplication1.cpp
     1>c:\users\marc.moreno\desktop\risk-programaci-\consoleapplication1\consoleapplication1\unitats.h(120): warning C4244: '+=' : conversión de 'double' a 'float'; posible pérdida de datos
     1>c:\users\marc.moreno\desktop\risk-programaci-\consoleapplication1\consoleapplication1\unitats.h(121): warning C4244: '+=' : conversión de 'double' a 'float'; posible pérdida de datos
     1>c:\users\marc.moreno\desktop\risk-programaci-\consoleapplication1\consoleapplication1\unitats.h(166): warning C4244: '+=' : conversión de 'double' a 'float'; posible pérdida de datos
     1>c:\users\marc.moreno\desktop\risk-programaci-\consoleapplication1\consoleapplication1\unitats.h(167): warning C4244: '+=' : conversión de 'double' a 'float'; posible pérdida de datos
     1>c:\users\marc.moreno\desktop\risk-programaci-\consoleapplication1\consoleapplication1\unitats.h(170): warning C4244: '+=' : conversión de 'double' a 'float'; posible pérdida de datos
     1>c:\users\marc.moreno\desktop\risk-programaci-\consoleapplication1\consoleapplication1\unitats.h(212): warning C4244: '+=' : conversión de 'double' a 'float'; posible pérdida de datos
     1>c:\users\marc.moreno\desktop\risk-programaci-\consoleapplication1\consoleapplication1\unitats.h(213): warning C4244: '+=' : conversión de 'double' a 'float'; posible pérdida de datos
     1>c:\users\marc.moreno\desktop\risk-programaci-\consoleapplication1\consoleapplication1\unitats.h(217): warning C4244: '+=' : conversión de 'double' a 'float'; posible pérdida de datos
     1>c:\users\marc.moreno\desktop\risk-programaci-\consoleapplication1\consoleapplication1\unitats.h(218): warning C4244: '+=' : conversión de 'double' a 'float'; posible pérdida de datos
     1>c:\users\marc.moreno\desktop\risk-programaci-\consoleapplication1\consoleapplication1\unitats.h(259): warning C4244: '+=' : conversión de 'double' a 'float'; posible pérdida de datos
     1>c:\users\marc.moreno\desktop\risk-programaci-\consoleapplication1\consoleapplication1\unitats.h(263): warning C4244: '+=' : conversión de 'double' a 'float'; posible pérdida de datos
     1>c:\users\marc.moreno\desktop\risk-programaci-\consoleapplication1\consoleapplication1\unitats.h(264): warning C4244: '+=' : conversión de 'double' a 'float'; posible pérdida de datos
     1>c:\users\marc.moreno\desktop\risk-programaci-\consoleapplication1\consoleapplication1\unitats.h(265): warning C4244: '+=' : conversión de 'double' a 'float'; posible pérdida de datos
     1>c:\users\marc.moreno\desktop\risk-programaci-\consoleapplication1\consoleapplication1\unitats.h(304): warning C4244: '+=' : conversión de 'double' a 'float'; posible pérdida de datos
     1>c:\users\marc.moreno\desktop\risk-programaci-\consoleapplication1\consoleapplication1\unitats.h(309): warning C4244: '+=' : conversión de 'double' a 'float'; posible pérdida de datos
     1>c:\users\marc.moreno\desktop\risk-programaci-\consoleapplication1\consoleapplication1\unitats.h(310): warning C4244: '+=' : conversión de 'double' a 'float'; posible pérdida de datos
     1>c:\users\marc.moreno\desktop\risk-programaci-\consoleapplication1\consoleapplication1\unitats.h(311): warning C4244: '+=' : conversión de 'double' a 'float'; posible pérdida de datos
         Generando código...
     1>Compilación del proyecto terminada "C:\Users\marc.moreno\Desktop\Risk-Programaci-\ConsoleApplication1\ConsoleApplication1\ConsoleApplication1.vcxproj" (Build destinos) -- ERROR.

ERROR al compilar.

Tiempo transcurrido 00:00:02.25
